<?xml version="1.0" encoding="UTF-8"?>
<testsuite name="org.example.KataStringCalculatorTest" tests="4" skipped="0" failures="0" errors="0" timestamp="2023-03-18T22:50:16" hostname="ELBLANCO" time="0.021">
  <properties/>
  <testcase name="be_one()" classname="org.example.KataStringCalculatorTest" time="0.017"/>
  <testcase name="be_result_of_calculator()" classname="org.example.KataStringCalculatorTest" time="0.001"/>
  <testcase name="be_zero()" classname="org.example.KataStringCalculatorTest" time="0.001"/>
  <testcase name="be_result_of_calculator_to_handle_new_lines_between_numbers()" classname="org.example.KataStringCalculatorTest" time="0.001"/>
  <system-out><![CDATA[]]></system-out>
  <system-err><![CDATA[]]></system-err>
</testsuite>
