<?xml version="1.0" encoding="UTF-8"?>
<testsuite name="org.example.KataStringCalculatorPairTest" tests="5" skipped="0" failures="0" errors="0" timestamp="2023-03-22T11:23:24" hostname="ELBLANCO" time="0.021">
  <properties/>
  <testcase name="be_result_of_calculator_with_custom_delimiter()" classname="org.example.KataStringCalculatorPairTest" time="0.017"/>
  <testcase name="be_one()" classname="org.example.KataStringCalculatorPairTest" time="0.001"/>
  <testcase name="be_result_of_calculator()" classname="org.example.KataStringCalculatorPairTest" time="0.0"/>
  <testcase name="be_zero()" classname="org.example.KataStringCalculatorPairTest" time="0.0"/>
  <testcase name="be_result_of_calculator_with_line_breaks()" classname="org.example.KataStringCalculatorPairTest" time="0.0"/>
  <system-out><![CDATA[]]></system-out>
  <system-err><![CDATA[]]></system-err>
</testsuite>
